2025-09-20 13:23:02,108 - INFO - Processing DOCX: uploads\20-18_2024-25_SR_THIRUPUVANAM.docx
2025-09-20 13:23:02,250 - INFO - Added bold: INSPECTION REPORT ON THE ACCOUNTS OF SUB REGISTRY, THIRUPPUVANAM FOR THE PERIOD 2019-20 TO 2023-24
2025-09-20 13:23:02,252 - INFO - Added paragraph: ...
2025-09-20 13:23:02,253 - INFO - Entering Part I context with text: 'Part I: Introduction'
2025-09-20 13:23:02,254 - INFO - Added bold: Part I: Introduction
2025-09-20 13:23:02,257 - INFO - Added paragraph: Sub Registry, Thirupuvanam is ...
2025-09-20 13:23:02,258 - INFO - Added paragraph: ...
2025-09-20 13:23:02,258 - INFO - Added paragraph: ...
2025-09-20 13:23:02,259 - INFO - Added paragraph: ...
2025-09-20 13:23:02,262 - INFO - Added paragraph: The following activities were ...
2025-09-20 13:23:02,269 - INFO - Entering Part I context with text: 'Registration of documents (Conveyance, Agreement, Cancellation, DOTD, Exchange of property, Further charge, Mortgage, Partition, Rectification, Lease, Ratification, Release, Security bond, & Settlement, etc)'
2025-09-20 13:23:02,274 - INFO - Added paragraph: Registration of documents (Con...
2025-09-20 13:23:02,281 - INFO - Added paragraph: Registration of marriage (Hind...
2025-09-20 13:23:02,288 - INFO - Added paragraph: Issue of Encumbrance certifica...
2025-09-20 13:23:02,293 - INFO - Added paragraph: Issue of copies of documents a...
2025-09-20 13:23:02,302 - INFO - Added paragraph: Fixation of value of land in s...
2025-09-20 13:23:02,310 - INFO - Pattern matched: 'FINANCIAL\s+PERFORMANCE' in text: 'The financial performance of this office during the audit period from 01.04.2019 to 31.03.2024 is detailed below:'
2025-09-20 13:23:02,315 - INFO - Added bold (pattern matched in Part I): The financial performance of this office during the audit period from 01.04.2019 to 31.03.2024 is detailed below:
2025-09-20 13:23:02,319 - INFO - Processing table block.
2025-09-20 13:23:02,319 - INFO - Processing table at parent: document
2025-09-20 13:23:02,323 - INFO - Table has 6 rows and 5 columns
2025-09-20 13:23:02,330 - INFO - Added paragraph: ...
2025-09-20 13:23:02,331 - INFO - Added paragraph: ...
2025-09-20 13:23:02,337 - INFO - Added paragraph: ...
2025-09-20 13:23:02,338 - INFO - Pattern matched: 'Audit\s+objectives' in text: 'Audit Objectives'
2025-09-20 13:23:02,339 - INFO - Added bold (pattern matched in Part I): Audit Objectives
2025-09-20 13:23:02,340 - INFO - Added paragraph: ...
2025-09-20 13:23:02,353 - INFO - Added paragraph: The objectives of this audit w...
2025-09-20 13:23:02,361 - INFO - Added paragraph: Stamp duty and various fees we...
2025-09-20 13:23:02,376 - INFO - Added paragraph: The amount collected were prop...
2025-09-20 13:23:02,381 - INFO - Added paragraph: Internal control system and In...
2025-09-20 13:23:02,382 - INFO - Added paragraph: ...
2025-09-20 13:23:02,386 - INFO - Pattern matched: 'Audit\s+criteria' in text: 'Audit Criteria'
2025-09-20 13:23:02,387 - INFO - Added bold (pattern matched in Part I): Audit Criteria
2025-09-20 13:23:02,388 - INFO - Added paragraph: ...
2025-09-20 13:23:02,392 - INFO - Pattern matched: 'Audit\s+criteria' in text: 'Audit criteria were adopted from the following sources: Indian Stamp Act, 1899'
2025-09-20 13:23:02,395 - INFO - Added bold (pattern matched in Part I): Audit criteria were adopted from the following sources: Indian Stamp Act, 1899
2025-09-20 13:23:02,396 - INFO - Added paragraph: Registration Act, 1908...
2025-09-20 13:23:02,399 - INFO - Added paragraph: Prescribed Monitoring Mechanis...
2025-09-20 13:23:02,407 - INFO - Added bold: Scope and Methodology of Audit
2025-09-20 13:23:02,412 - INFO - Added paragraph: ...
2025-09-20 13:23:02,430 - INFO - Added paragraph: The audit of Sub Registry, Thi...
2025-09-20 13:23:02,431 - INFO - Added paragraph: ...
2025-09-20 13:23:02,432 - INFO - Processing table block.
2025-09-20 13:23:02,432 - INFO - Processing table at parent: document
2025-09-20 13:23:02,433 - INFO - Table has 5 rows and 2 columns
2025-09-20 13:23:02,446 - INFO - Added paragraph: ...
2025-09-20 13:23:02,463 - INFO - Added paragraph: The details of documents regis...
2025-09-20 13:23:02,465 - INFO - Added paragraph: ...
2025-09-20 13:23:02,469 - INFO - Processing table block.
2025-09-20 13:23:02,473 - INFO - Processing table at parent: document
2025-09-20 13:23:02,492 - INFO - Table has 7 rows and 10 columns
2025-09-20 13:23:02,631 - INFO - Added paragraph: ...
2025-09-20 13:23:02,632 - INFO - Added paragraph: ...
2025-09-20 13:23:02,645 - INFO - Added paragraph: Under Book I, 600 documents we...
2025-09-20 13:23:02,647 - INFO - Added paragraph: ...
2025-09-20 13:23:02,648 - INFO - Added paragraph: ...
2025-09-20 13:23:02,651 - INFO - Added paragraph: ...
2025-09-20 13:23:02,655 - INFO - Added paragraph: ...
2025-09-20 13:23:02,662 - INFO - Entering Part I context with text: 'Part II – Audit findings'
2025-09-20 13:23:02,699 - INFO - Added bold: Part II – Audit findings
2025-09-20 13:23:02,703 - INFO - Added paragraph: ...
2025-09-20 13:23:02,719 - INFO - Added paragraph: The following is the summary o...
2025-09-20 13:23:02,721 - INFO - Added paragraph: ...
2025-09-20 13:23:02,722 - INFO - Processing table block.
2025-09-20 13:23:02,722 - INFO - Processing table at parent: document
2025-09-20 13:23:02,725 - INFO - Table has 6 rows and 4 columns
2025-09-20 13:23:02,758 - INFO - Added paragraph: ...
2025-09-20 13:23:02,760 - INFO - Added paragraph: ...
2025-09-20 13:23:02,774 - INFO - Entering Part I context with text: 'Part III – Follow up on findings of outstanding paras from previous report'
2025-09-20 13:23:02,778 - INFO - Added bold: Part III – Follow up on findings of outstanding paras from previous report
2025-09-20 13:23:02,793 - INFO - Added paragraph: There was 1 paras pending from...
2025-09-20 13:23:02,795 - INFO - Added paragraph: ...
2025-09-20 13:23:02,795 - INFO - Processing table block.
2025-09-20 13:23:02,796 - INFO - Processing table at parent: document
2025-09-20 13:23:02,797 - INFO - Table has 2 rows and 5 columns
2025-09-20 13:23:02,804 - INFO - Added paragraph: ...
2025-09-20 13:23:02,806 - INFO - Added paragraph: ...
2025-09-20 13:23:02,814 - INFO - Added bold: PART-IV (Best Practice)
2025-09-20 13:23:02,815 - INFO - Added paragraph: ...
2025-09-20 13:23:02,825 - INFO - Added paragraph: The department is cooperative ...
2025-09-20 13:23:02,826 - INFO - Added paragraph: ...
2025-09-20 13:23:02,828 - INFO - Added heading: PART-V (Acknowledgement)
2025-09-20 13:23:02,829 - INFO - Added paragraph: ...
2025-09-20 13:23:02,852 - INFO - Added paragraph: The audit acknowledges the co-...
2025-09-20 13:23:02,854 - INFO - Added paragraph: ...
2025-09-20 13:23:02,854 - INFO - Processing table block.
2025-09-20 13:23:02,855 - INFO - Processing table at parent: document
2025-09-20 13:23:02,877 - INFO - Table has 53 rows and 6 columns
2025-09-20 13:23:02,880 - WARNING - IndexError: Row 0, Col 5 out of range.
2025-09-20 13:23:02,882 - WARNING - IndexError: Row 1, Col 5 out of range.
2025-09-20 13:23:02,884 - WARNING - IndexError: Row 2, Col 5 out of range.
2025-09-20 13:23:02,888 - WARNING - IndexError: Row 3, Col 5 out of range.
2025-09-20 13:23:02,890 - WARNING - IndexError: Row 4, Col 5 out of range.
2025-09-20 13:23:02,893 - WARNING - IndexError: Row 5, Col 5 out of range.
2025-09-20 13:23:02,896 - WARNING - IndexError: Row 6, Col 5 out of range.
2025-09-20 13:23:02,898 - WARNING - IndexError: Row 7, Col 5 out of range.
2025-09-20 13:23:02,902 - WARNING - IndexError: Row 8, Col 5 out of range.
2025-09-20 13:23:02,905 - WARNING - IndexError: Row 9, Col 5 out of range.
2025-09-20 13:23:02,907 - WARNING - IndexError: Row 10, Col 5 out of range.
2025-09-20 13:23:02,910 - WARNING - IndexError: Row 11, Col 5 out of range.
2025-09-20 13:23:02,912 - WARNING - IndexError: Row 12, Col 5 out of range.
2025-09-20 13:23:02,967 - INFO - Added paragraph: ...
2025-09-20 13:23:02,968 - INFO - Added paragraph: ...
2025-09-20 13:23:02,970 - INFO - Added paragraph: ...
2025-09-20 13:23:02,973 - INFO - Added heading: OBS No-1350387
2025-09-20 13:23:02,975 - INFO - Added bold: Para 1/IIB
2025-09-20 13:23:02,976 - INFO - Added bold: Misclassification of instruments of re-conveyance as cancellation deeds - Rs.55,190/- 
2025-09-20 13:23:03,015 - INFO - Added paragraph: As per Article 17 of Schedule-...
2025-09-20 13:23:03,025 - INFO - Added paragraph: During local audit of Sub Regi...
2025-09-20 13:23:03,062 - INFO - Added paragraph: Since the vendors had re-acqui...
2025-09-20 13:23:03,077 - INFO - Added paragraph: On this being pointed out, the...
2025-09-20 13:23:03,079 - INFO - Processing table block.
2025-09-20 13:23:03,081 - INFO - Processing table at parent: document
2025-09-20 13:23:03,085 - INFO - Table has 4 rows and 9 columns
2025-09-20 13:23:03,126 - INFO - Added paragraph: ...
2025-09-20 13:23:03,129 - INFO - Added paragraph: Department’s reply:...
2025-09-20 13:23:03,138 - INFO - Added paragraph: On this being pointed out the ...
2025-09-20 13:23:03,143 - INFO - Added paragraph: ...
2025-09-20 13:23:03,148 - INFO - Added paragraph: Conclusion: ...
2025-09-20 13:23:03,170 - INFO - Added paragraph: Misclassification of re-convey...
2025-09-20 13:23:03,175 - INFO - Added paragraph: Recommendation: ...
2025-09-20 13:23:03,195 - INFO - Added paragraph: Registering authority should c...
2025-09-20 13:23:03,197 - INFO - Added paragraph: ...
2025-09-20 13:23:03,200 - INFO - Added heading: OBS No-1348768
2025-09-20 13:23:03,203 - INFO - Added heading: Para 2/IIB
2025-09-20 13:23:03,208 - INFO - Added bold: Incorrect adoption of gravel value resulting in short collection of seigniorage fee leading to short collection of Stamp Duty Rs.3,833/-
2025-09-20 13:23:03,211 - INFO - Added paragraph: ...
2025-09-20 13:23:03,229 - INFO - Added paragraph: Through the lease deeds as per...
2025-09-20 13:23:03,241 - INFO - Added paragraph: On a detailed scrutiny of the ...
2025-09-20 13:23:03,278 - INFO - Added paragraph: 	Further, the Government vide ...
2025-09-20 13:23:03,294 - INFO - Added paragraph: Accordingly, the SD at 1 % nee...
2025-09-20 13:23:03,307 - INFO - Added paragraph: The short collection of SD of ...
2025-09-20 13:23:03,310 - INFO - Added paragraph: ...
2025-09-20 13:23:03,312 - INFO - Added paragraph: Annexure...
2025-09-20 13:23:03,312 - INFO - Processing table block.
2025-09-20 13:23:03,313 - INFO - Processing table at parent: document
2025-09-20 13:23:03,316 - INFO - Table has 8 rows and 6 columns
2025-09-20 13:23:03,352 - INFO - Added paragraph: ...
2025-09-20 13:23:03,359 - INFO - Added paragraph: This is brought to the notice ...
2025-09-20 13:23:03,361 - INFO - Added bold: Reply of the Department: 
2025-09-20 13:23:03,367 - INFO - Added paragraph: On this being pointed out, the...
2025-09-20 13:23:03,368 - INFO - Added paragraph: ...
2025-09-20 13:23:03,372 - INFO - Added paragraph: Conclusion: ...
2025-09-20 13:23:03,381 - INFO - Added paragraph: Non-inclusion of correct value...
2025-09-20 13:23:03,383 - INFO - Added paragraph: Recommendations: ...
2025-09-20 13:23:03,394 - INFO - Added paragraph: Registering authority should v...
2025-09-20 13:23:03,395 - INFO - Added paragraph: ...
2025-09-20 13:23:03,396 - INFO - Added heading: OBS No-1348685
2025-09-20 13:23:03,397 - INFO - Added heading: Para 3/IIB
2025-09-20 13:23:03,398 - INFO - Added bold: Non reference to the AEE for the valuation of the building resulting in short collection of SD and RF- NMV
2025-09-20 13:23:03,400 - INFO - Added paragraph: ...
2025-09-20 13:23:03,400 - INFO - Processing table block.
2025-09-20 13:23:03,400 - INFO - Processing table at parent: document
2025-09-20 13:23:03,406 - INFO - Table has 7 rows and 3 columns
2025-09-20 13:23:03,415 - INFO - Added paragraph: ...
2025-09-20 13:23:03,427 - INFO - Added paragraph: Through the above documents la...
2025-09-20 13:23:03,433 - INFO - Added paragraph: In this connection audit has o...
2025-09-20 13:23:03,453 - INFO - Added paragraph: Scrutiny of document number 16...
2025-09-20 13:23:03,465 - INFO - Added paragraph: Further scrutiny of the Previo...
2025-09-20 13:23:03,468 - INFO - Added paragraph: ...
2025-09-20 13:23:03,469 - INFO - Processing table block.
2025-09-20 13:23:03,470 - INFO - Processing table at parent: document
2025-09-20 13:23:03,471 - INFO - Table has 4 rows and 2 columns
2025-09-20 13:23:03,495 - INFO - Added paragraph: This is brought to the notice ...
2025-09-20 13:23:03,497 - INFO - Added paragraph: ...
2025-09-20 13:23:03,498 - INFO - Added bold: Department’s Reply: 
2025-09-20 13:23:03,501 - INFO - Added paragraph: On this being pointed out the ...
2025-09-20 13:23:03,504 - INFO - Added paragraph: Conclusion: ...
2025-09-20 13:23:03,511 - INFO - Added paragraph: Non referring of the document ...
2025-09-20 13:23:03,515 - INFO - Added paragraph: Recommendation: ...
2025-09-20 13:23:03,520 - INFO - Added paragraph: The registering authority shou...
2025-09-20 13:23:03,521 - INFO - Added paragraph: ...
2025-09-20 13:23:03,523 - INFO - Added heading: OBS No-1348765
2025-09-20 13:23:03,525 - INFO - Added heading: Para 4/IIB
2025-09-20 13:23:03,526 - INFO - Added bold: Non-Adherence of the Provisions of Section 269ST of Finance Act 2017 - NMV 
2025-09-20 13:23:03,528 - INFO - Added paragraph: ...
2025-09-20 13:23:03,530 - INFO - Processing table block.
2025-09-20 13:23:03,531 - INFO - Processing table at parent: document
2025-09-20 13:23:03,533 - INFO - Table has 5 rows and 3 columns
2025-09-20 13:23:03,539 - INFO - Added paragraph: ...
2025-09-20 13:23:03,560 - INFO - Added paragraph: As per New Section 269ST of Fi...
2025-09-20 13:23:03,565 - INFO - Added paragraph: Provided that the provisions o...
2025-09-20 13:23:03,590 - INFO - Added paragraph: (i) any receipt by (a) Governm...
2025-09-20 13:23:03,591 - INFO - Added paragraph: ...
2025-09-20 13:23:03,594 - INFO - Added paragraph: (c) The Government introduced ...
2025-09-20 13:23:03,605 - INFO - Added paragraph: During the scrutiny of the fol...
2025-09-20 13:23:03,606 - INFO - Added paragraph: ...
2025-09-20 13:23:03,607 - INFO - Added paragraph: (i) Sale Deed number 1300/2019...
2025-09-20 13:23:03,608 - INFO - Added paragraph: ...
2025-09-20 13:23:03,611 - INFO - Added paragraph: (ii). Sale Deed number 29/2024...
2025-09-20 13:23:03,615 - INFO - Added paragraph: Reply of the Department: ...
2025-09-20 13:23:03,623 - INFO - Added paragraph: On this being pointed out, the...
2025-09-20 13:23:03,624 - INFO - Added paragraph: ...
2025-09-20 13:23:03,626 - INFO - Added paragraph: Conclusion:...
2025-09-20 13:23:03,632 - INFO - Added paragraph:  Non-compliance with the Finan...
2025-09-20 13:23:03,634 - INFO - Added paragraph: ...
2025-09-20 13:23:03,636 - INFO - Added paragraph: Recommendations: ...
2025-09-20 13:23:03,639 - INFO - Added paragraph: The Sub Registrar need to revi...
2025-09-20 13:23:03,640 - INFO - Added paragraph: ...
2025-09-20 13:23:03,642 - INFO - Added heading: OBS No-1350944
2025-09-20 13:23:03,644 - INFO - Added bold: Para 5/IIB
2025-09-20 13:23:03,647 - INFO - Added bold: The time limit for finalisation u/s 47A(3) lapsed resulting in loss of revenue -NMV
2025-09-20 13:23:03,661 - INFO - Added paragraph: As per provision u/s 47A(3) of...
2025-09-20 13:23:03,678 - INFO - Added paragraph: It is seen from the pending do...
2025-09-20 13:23:03,679 - INFO - Added paragraph: ...
2025-09-20 13:23:03,680 - INFO - Added paragraph: Annexure...
2025-09-20 13:23:03,680 - INFO - Processing table block.
2025-09-20 13:23:03,680 - INFO - Processing table at parent: document
2025-09-20 13:23:03,681 - INFO - Table has 6 rows and 3 columns
2025-09-20 13:23:03,686 - INFO - Added paragraph: ...
2025-09-20 13:23:03,687 - INFO - Added bold: Department’s Reply: 
2025-09-20 13:23:03,689 - INFO - Added paragraph: On this being pointed out, the...
2025-09-20 13:23:03,690 - INFO - Added paragraph: Conclusion: ...
2025-09-20 13:23:03,699 - INFO - Added paragraph: Suitable followup action could...
2025-09-20 13:23:03,701 - INFO - Added paragraph: Recommendations: ...
2025-09-20 13:23:03,708 - INFO - Added paragraph: Follow up action may be taken ...
2025-09-20 13:23:03,711 - INFO - Added paragraph: ...
2025-09-20 13:23:03,713 - INFO - Added bold: Senior Audit Officer/AMS25
2025-09-20 13:23:03,715 - INFO - Entering Part I context with text: 'Part II – Audit findings'
2025-09-20 13:23:03,717 - INFO - Added bold: Part II – Audit findings
2025-09-20 13:23:03,718 - INFO - Added paragraph: ...
2025-09-20 13:23:03,725 - INFO - Added paragraph: The following is the summary o...
2025-09-20 13:23:03,727 - INFO - Added paragraph: ...
2025-09-20 13:23:03,729 - INFO - Processing table block.
2025-09-20 13:23:03,729 - INFO - Processing table at parent: document
2025-09-20 13:23:03,731 - INFO - Table has 6 rows and 5 columns
2025-09-20 13:23:03,740 - INFO - Added paragraph: ...
2025-09-20 13:23:03,741 - INFO - Added paragraph: ...
2025-09-20 13:23:03,746 - INFO - Successfully wrote XML to C:\Users\sures\AppData\Local\Temp\pipeline_xml_mw1uev65\20-18_2024-25_SR_THIRUPUVANAM.xml
2025-09-20 17:37:39,555 - INFO - Processing DOCX: uploads\20-18_2024-25_SR_THIRUPUVANAM.docx
2025-09-20 17:37:39,738 - INFO - Added bold: INSPECTION REPORT ON THE ACCOUNTS OF SUB REGISTRY, THIRUPPUVANAM FOR THE PERIOD 2019-20 TO 2023-24
2025-09-20 17:37:39,740 - INFO - Added paragraph: ...
2025-09-20 17:37:39,745 - INFO - Entering Part I context with text: 'Part I: Introduction'
2025-09-20 17:37:39,747 - INFO - Added bold: Part I: Introduction
2025-09-20 17:37:39,755 - INFO - Added paragraph: Sub Registry, Thirupuvanam is ...
2025-09-20 17:37:39,756 - INFO - Added paragraph: ...
2025-09-20 17:37:39,757 - INFO - Added paragraph: ...
2025-09-20 17:37:39,758 - INFO - Added paragraph: ...
2025-09-20 17:37:39,765 - INFO - Added paragraph: The following activities were ...
2025-09-20 17:37:39,774 - INFO - Entering Part I context with text: 'Registration of documents (Conveyance, Agreement, Cancellation, DOTD, Exchange of property, Further charge, Mortgage, Partition, Rectification, Lease, Ratification, Release, Security bond, & Settlement, etc)'
2025-09-20 17:37:39,786 - INFO - Added paragraph: Registration of documents (Con...
2025-09-20 17:37:39,791 - INFO - Added paragraph: Registration of marriage (Hind...
2025-09-20 17:37:39,800 - INFO - Added paragraph: Issue of Encumbrance certifica...
2025-09-20 17:37:39,806 - INFO - Added paragraph: Issue of copies of documents a...
2025-09-20 17:37:39,816 - INFO - Added paragraph: Fixation of value of land in s...
2025-09-20 17:37:39,823 - INFO - Pattern matched: 'FINANCIAL\s+PERFORMANCE' in text: 'The financial performance of this office during the audit period from 01.04.2019 to 31.03.2024 is detailed below:'
2025-09-20 17:37:39,827 - INFO - Added bold (pattern matched in Part I): The financial performance of this office during the audit period from 01.04.2019 to 31.03.2024 is detailed below:
2025-09-20 17:37:39,828 - INFO - Processing table block.
2025-09-20 17:37:39,828 - INFO - Processing table at parent: document
2025-09-20 17:37:39,831 - INFO - Table has 6 rows and 5 columns
2025-09-20 17:37:39,850 - INFO - Added paragraph: ...
2025-09-20 17:37:39,852 - INFO - Added paragraph: ...
2025-09-20 17:37:39,854 - INFO - Added paragraph: ...
2025-09-20 17:37:39,855 - INFO - Pattern matched: 'Audit\s+objectives' in text: 'Audit Objectives'
2025-09-20 17:37:39,855 - INFO - Added bold (pattern matched in Part I): Audit Objectives
2025-09-20 17:37:39,856 - INFO - Added paragraph: ...
2025-09-20 17:37:39,862 - INFO - Added paragraph: The objectives of this audit w...
2025-09-20 17:37:39,872 - INFO - Added paragraph: Stamp duty and various fees we...
2025-09-20 17:37:39,886 - INFO - Added paragraph: The amount collected were prop...
2025-09-20 17:37:39,892 - INFO - Added paragraph: Internal control system and In...
2025-09-20 17:37:39,899 - INFO - Added paragraph: ...
2025-09-20 17:37:39,903 - INFO - Pattern matched: 'Audit\s+criteria' in text: 'Audit Criteria'
2025-09-20 17:37:39,904 - INFO - Added bold (pattern matched in Part I): Audit Criteria
2025-09-20 17:37:39,905 - INFO - Added paragraph: ...
2025-09-20 17:37:39,907 - INFO - Pattern matched: 'Audit\s+criteria' in text: 'Audit criteria were adopted from the following sources: Indian Stamp Act, 1899'
2025-09-20 17:37:39,911 - INFO - Added bold (pattern matched in Part I): Audit criteria were adopted from the following sources: Indian Stamp Act, 1899
2025-09-20 17:37:39,916 - INFO - Added paragraph: Registration Act, 1908...
2025-09-20 17:37:39,922 - INFO - Added paragraph: Prescribed Monitoring Mechanis...
2025-09-20 17:37:39,929 - INFO - Added bold: Scope and Methodology of Audit
2025-09-20 17:37:39,932 - INFO - Added paragraph: ...
2025-09-20 17:37:39,952 - INFO - Added paragraph: The audit of Sub Registry, Thi...
2025-09-20 17:37:39,953 - INFO - Added paragraph: ...
2025-09-20 17:37:39,954 - INFO - Processing table block.
2025-09-20 17:37:39,954 - INFO - Processing table at parent: document
2025-09-20 17:37:39,955 - INFO - Table has 5 rows and 2 columns
2025-09-20 17:37:39,958 - INFO - Added paragraph: ...
2025-09-20 17:37:39,968 - INFO - Added paragraph: The details of documents regis...
2025-09-20 17:37:39,969 - INFO - Added paragraph: ...
2025-09-20 17:37:39,969 - INFO - Processing table block.
2025-09-20 17:37:39,969 - INFO - Processing table at parent: document
2025-09-20 17:37:39,974 - INFO - Table has 7 rows and 10 columns
2025-09-20 17:37:40,056 - INFO - Added paragraph: ...
2025-09-20 17:37:40,057 - INFO - Added paragraph: ...
2025-09-20 17:37:40,066 - INFO - Added paragraph: Under Book I, 600 documents we...
2025-09-20 17:37:40,067 - INFO - Added paragraph: ...
2025-09-20 17:37:40,068 - INFO - Added paragraph: ...
2025-09-20 17:37:40,069 - INFO - Added paragraph: ...
2025-09-20 17:37:40,069 - INFO - Added paragraph: ...
2025-09-20 17:37:40,071 - INFO - Entering Part I context with text: 'Part II – Audit findings'
2025-09-20 17:37:40,072 - INFO - Added bold: Part II – Audit findings
2025-09-20 17:37:40,073 - INFO - Added paragraph: ...
2025-09-20 17:37:40,083 - INFO - Added paragraph: The following is the summary o...
2025-09-20 17:37:40,085 - INFO - Added paragraph: ...
2025-09-20 17:37:40,086 - INFO - Processing table block.
2025-09-20 17:37:40,086 - INFO - Processing table at parent: document
2025-09-20 17:37:40,087 - INFO - Table has 6 rows and 4 columns
2025-09-20 17:37:40,095 - INFO - Added paragraph: ...
2025-09-20 17:37:40,098 - INFO - Added paragraph: ...
2025-09-20 17:37:40,105 - INFO - Entering Part I context with text: 'Part III – Follow up on findings of outstanding paras from previous report'
2025-09-20 17:37:40,107 - INFO - Added bold: Part III – Follow up on findings of outstanding paras from previous report
2025-09-20 17:37:40,119 - INFO - Added paragraph: There was 1 paras pending from...
2025-09-20 17:37:40,120 - INFO - Added paragraph: ...
2025-09-20 17:37:40,121 - INFO - Processing table block.
2025-09-20 17:37:40,121 - INFO - Processing table at parent: document
2025-09-20 17:37:40,122 - INFO - Table has 2 rows and 5 columns
2025-09-20 17:37:40,125 - INFO - Added paragraph: ...
2025-09-20 17:37:40,127 - INFO - Added paragraph: ...
2025-09-20 17:37:40,131 - INFO - Added bold: PART-IV (Best Practice)
2025-09-20 17:37:40,134 - INFO - Added paragraph: ...
2025-09-20 17:37:40,140 - INFO - Added paragraph: The department is cooperative ...
2025-09-20 17:37:40,141 - INFO - Added paragraph: ...
2025-09-20 17:37:40,143 - INFO - Added heading: PART-V (Acknowledgement)
2025-09-20 17:37:40,145 - INFO - Added paragraph: ...
2025-09-20 17:37:40,161 - INFO - Added paragraph: The audit acknowledges the co-...
2025-09-20 17:37:40,164 - INFO - Added paragraph: ...
2025-09-20 17:37:40,165 - INFO - Processing table block.
2025-09-20 17:37:40,166 - INFO - Processing table at parent: document
2025-09-20 17:37:40,177 - INFO - Table has 53 rows and 6 columns
2025-09-20 17:37:40,181 - WARNING - IndexError: Row 0, Col 5 out of range.
2025-09-20 17:37:40,184 - WARNING - IndexError: Row 1, Col 5 out of range.
2025-09-20 17:37:40,187 - WARNING - IndexError: Row 2, Col 5 out of range.
2025-09-20 17:37:40,188 - WARNING - IndexError: Row 3, Col 5 out of range.
2025-09-20 17:37:40,189 - WARNING - IndexError: Row 4, Col 5 out of range.
2025-09-20 17:37:40,191 - WARNING - IndexError: Row 5, Col 5 out of range.
2025-09-20 17:37:40,193 - WARNING - IndexError: Row 6, Col 5 out of range.
2025-09-20 17:37:40,196 - WARNING - IndexError: Row 7, Col 5 out of range.
2025-09-20 17:37:40,200 - WARNING - IndexError: Row 8, Col 5 out of range.
2025-09-20 17:37:40,201 - WARNING - IndexError: Row 9, Col 5 out of range.
2025-09-20 17:37:40,204 - WARNING - IndexError: Row 10, Col 5 out of range.
2025-09-20 17:37:40,205 - WARNING - IndexError: Row 11, Col 5 out of range.
2025-09-20 17:37:40,206 - WARNING - IndexError: Row 12, Col 5 out of range.
2025-09-20 17:37:40,257 - INFO - Added paragraph: ...
2025-09-20 17:37:40,257 - INFO - Added paragraph: ...
2025-09-20 17:37:40,259 - INFO - Added paragraph: ...
2025-09-20 17:37:40,262 - INFO - Added heading: OBS No-1350387
2025-09-20 17:37:40,264 - INFO - Added bold: Para 1/IIB
2025-09-20 17:37:40,266 - INFO - Added bold: Misclassification of instruments of re-conveyance as cancellation deeds - Rs.55,190/- 
2025-09-20 17:37:40,283 - INFO - Added paragraph: As per Article 17 of Schedule-...
2025-09-20 17:37:40,288 - INFO - Added paragraph: During local audit of Sub Regi...
2025-09-20 17:37:40,317 - INFO - Added paragraph: Since the vendors had re-acqui...
2025-09-20 17:37:40,324 - INFO - Added paragraph: On this being pointed out, the...
2025-09-20 17:37:40,324 - INFO - Processing table block.
2025-09-20 17:37:40,324 - INFO - Processing table at parent: document
2025-09-20 17:37:40,327 - INFO - Table has 4 rows and 9 columns
2025-09-20 17:37:40,341 - INFO - Added paragraph: ...
2025-09-20 17:37:40,344 - INFO - Added paragraph: Department’s reply:...
2025-09-20 17:37:40,349 - INFO - Added paragraph: On this being pointed out the ...
2025-09-20 17:37:40,350 - INFO - Added paragraph: ...
2025-09-20 17:37:40,352 - INFO - Added paragraph: Conclusion: ...
2025-09-20 17:37:40,357 - INFO - Added paragraph: Misclassification of re-convey...
2025-09-20 17:37:40,359 - INFO - Added paragraph: Recommendation: ...
2025-09-20 17:37:40,367 - INFO - Added paragraph: Registering authority should c...
2025-09-20 17:37:40,369 - INFO - Added paragraph: ...
2025-09-20 17:37:40,370 - INFO - Added heading: OBS No-1348768
2025-09-20 17:37:40,371 - INFO - Added heading: Para 2/IIB
2025-09-20 17:37:40,373 - INFO - Added bold: Incorrect adoption of gravel value resulting in short collection of seigniorage fee leading to short collection of Stamp Duty Rs.3,833/-
2025-09-20 17:37:40,373 - INFO - Added paragraph: ...
2025-09-20 17:37:40,384 - INFO - Added paragraph: Through the lease deeds as per...
2025-09-20 17:37:40,395 - INFO - Added paragraph: On a detailed scrutiny of the ...
2025-09-20 17:37:40,422 - INFO - Added paragraph: 	Further, the Government vide ...
2025-09-20 17:37:40,431 - INFO - Added paragraph: Accordingly, the SD at 1 % nee...
2025-09-20 17:37:40,438 - INFO - Added paragraph: The short collection of SD of ...
2025-09-20 17:37:40,439 - INFO - Added paragraph: ...
2025-09-20 17:37:40,440 - INFO - Added paragraph: Annexure...
2025-09-20 17:37:40,441 - INFO - Processing table block.
2025-09-20 17:37:40,441 - INFO - Processing table at parent: document
2025-09-20 17:37:40,450 - INFO - Table has 8 rows and 6 columns
2025-09-20 17:37:40,485 - INFO - Added paragraph: ...
2025-09-20 17:37:40,490 - INFO - Added paragraph: This is brought to the notice ...
2025-09-20 17:37:40,493 - INFO - Added bold: Reply of the Department: 
2025-09-20 17:37:40,500 - INFO - Added paragraph: On this being pointed out, the...
2025-09-20 17:37:40,502 - INFO - Added paragraph: ...
2025-09-20 17:37:40,504 - INFO - Added paragraph: Conclusion: ...
2025-09-20 17:37:40,513 - INFO - Added paragraph: Non-inclusion of correct value...
2025-09-20 17:37:40,517 - INFO - Added paragraph: Recommendations: ...
2025-09-20 17:37:40,523 - INFO - Added paragraph: Registering authority should v...
2025-09-20 17:37:40,524 - INFO - Added paragraph: ...
2025-09-20 17:37:40,527 - INFO - Added heading: OBS No-1348685
2025-09-20 17:37:40,529 - INFO - Added heading: Para 3/IIB
2025-09-20 17:37:40,532 - INFO - Added bold: Non reference to the AEE for the valuation of the building resulting in short collection of SD and RF- NMV
2025-09-20 17:37:40,534 - INFO - Added paragraph: ...
2025-09-20 17:37:40,535 - INFO - Processing table block.
2025-09-20 17:37:40,535 - INFO - Processing table at parent: document
2025-09-20 17:37:40,537 - INFO - Table has 7 rows and 3 columns
2025-09-20 17:37:40,541 - INFO - Added paragraph: ...
2025-09-20 17:37:40,556 - INFO - Added paragraph: Through the above documents la...
2025-09-20 17:37:40,563 - INFO - Added paragraph: In this connection audit has o...
2025-09-20 17:37:40,584 - INFO - Added paragraph: Scrutiny of document number 16...
2025-09-20 17:37:40,599 - INFO - Added paragraph: Further scrutiny of the Previo...
2025-09-20 17:37:40,601 - INFO - Added paragraph: ...
2025-09-20 17:37:40,601 - INFO - Processing table block.
2025-09-20 17:37:40,602 - INFO - Processing table at parent: document
2025-09-20 17:37:40,602 - INFO - Table has 4 rows and 2 columns
2025-09-20 17:37:40,621 - INFO - Added paragraph: This is brought to the notice ...
2025-09-20 17:37:40,622 - INFO - Added paragraph: ...
2025-09-20 17:37:40,623 - INFO - Added bold: Department’s Reply: 
2025-09-20 17:37:40,625 - INFO - Added paragraph: On this being pointed out the ...
2025-09-20 17:37:40,630 - INFO - Added paragraph: Conclusion: ...
2025-09-20 17:37:40,640 - INFO - Added paragraph: Non referring of the document ...
2025-09-20 17:37:40,642 - INFO - Added paragraph: Recommendation: ...
2025-09-20 17:37:40,653 - INFO - Added paragraph: The registering authority shou...
2025-09-20 17:37:40,655 - INFO - Added paragraph: ...
2025-09-20 17:37:40,656 - INFO - Added heading: OBS No-1348765
2025-09-20 17:37:40,657 - INFO - Added heading: Para 4/IIB
2025-09-20 17:37:40,658 - INFO - Added bold: Non-Adherence of the Provisions of Section 269ST of Finance Act 2017 - NMV 
2025-09-20 17:37:40,660 - INFO - Added paragraph: ...
2025-09-20 17:37:40,661 - INFO - Processing table block.
2025-09-20 17:37:40,662 - INFO - Processing table at parent: document
2025-09-20 17:37:40,665 - INFO - Table has 5 rows and 3 columns
2025-09-20 17:37:40,671 - INFO - Added paragraph: ...
2025-09-20 17:37:40,685 - INFO - Added paragraph: As per New Section 269ST of Fi...
2025-09-20 17:37:40,690 - INFO - Added paragraph: Provided that the provisions o...
2025-09-20 17:37:40,707 - INFO - Added paragraph: (i) any receipt by (a) Governm...
2025-09-20 17:37:40,708 - INFO - Added paragraph: ...
2025-09-20 17:37:40,713 - INFO - Added paragraph: (c) The Government introduced ...
2025-09-20 17:37:40,721 - INFO - Added paragraph: During the scrutiny of the fol...
2025-09-20 17:37:40,722 - INFO - Added paragraph: ...
2025-09-20 17:37:40,723 - INFO - Added paragraph: (i) Sale Deed number 1300/2019...
2025-09-20 17:37:40,724 - INFO - Added paragraph: ...
2025-09-20 17:37:40,724 - INFO - Added paragraph: (ii). Sale Deed number 29/2024...
2025-09-20 17:37:40,728 - INFO - Added paragraph: Reply of the Department: ...
2025-09-20 17:37:40,737 - INFO - Added paragraph: On this being pointed out, the...
2025-09-20 17:37:40,738 - INFO - Added paragraph: ...
2025-09-20 17:37:40,739 - INFO - Added paragraph: Conclusion:...
2025-09-20 17:37:40,745 - INFO - Added paragraph:  Non-compliance with the Finan...
2025-09-20 17:37:40,748 - INFO - Added paragraph: ...
2025-09-20 17:37:40,751 - INFO - Added paragraph: Recommendations: ...
2025-09-20 17:37:40,755 - INFO - Added paragraph: The Sub Registrar need to revi...
2025-09-20 17:37:40,756 - INFO - Added paragraph: ...
2025-09-20 17:37:40,757 - INFO - Added heading: OBS No-1350944
2025-09-20 17:37:40,758 - INFO - Added bold: Para 5/IIB
2025-09-20 17:37:40,761 - INFO - Added bold: The time limit for finalisation u/s 47A(3) lapsed resulting in loss of revenue -NMV
2025-09-20 17:37:40,794 - INFO - Added paragraph: As per provision u/s 47A(3) of...
2025-09-20 17:37:40,824 - INFO - Added paragraph: It is seen from the pending do...
2025-09-20 17:37:40,825 - INFO - Added paragraph: ...
2025-09-20 17:37:40,828 - INFO - Added paragraph: Annexure...
2025-09-20 17:37:40,828 - INFO - Processing table block.
2025-09-20 17:37:40,829 - INFO - Processing table at parent: document
2025-09-20 17:37:40,834 - INFO - Table has 6 rows and 3 columns
2025-09-20 17:37:40,840 - INFO - Added paragraph: ...
2025-09-20 17:37:40,843 - INFO - Added bold: Department’s Reply: 
2025-09-20 17:37:40,847 - INFO - Added paragraph: On this being pointed out, the...
2025-09-20 17:37:40,852 - INFO - Added paragraph: Conclusion: ...
2025-09-20 17:37:40,869 - INFO - Added paragraph: Suitable followup action could...
2025-09-20 17:37:40,872 - INFO - Added paragraph: Recommendations: ...
2025-09-20 17:37:40,887 - INFO - Added paragraph: Follow up action may be taken ...
2025-09-20 17:37:40,888 - INFO - Added paragraph: ...
2025-09-20 17:37:40,889 - INFO - Added bold: Senior Audit Officer/AMS25
2025-09-20 17:37:40,893 - INFO - Entering Part I context with text: 'Part II – Audit findings'
2025-09-20 17:37:40,899 - INFO - Added bold: Part II – Audit findings
2025-09-20 17:37:40,905 - INFO - Added paragraph: ...
2025-09-20 17:37:40,937 - INFO - Added paragraph: The following is the summary o...
2025-09-20 17:37:40,952 - INFO - Added paragraph: ...
2025-09-20 17:37:40,954 - INFO - Processing table block.
2025-09-20 17:37:40,956 - INFO - Processing table at parent: document
2025-09-20 17:37:40,963 - INFO - Table has 6 rows and 5 columns
2025-09-20 17:37:41,001 - INFO - Added paragraph: ...
2025-09-20 17:37:41,003 - INFO - Added paragraph: ...
2025-09-20 17:37:41,038 - INFO - Successfully wrote XML to C:\Users\sures\AppData\Local\Temp\pipeline_xml_jymika5j\20-18_2024-25_SR_THIRUPUVANAM.xml
2025-09-20 18:34:32,695 - INFO - Processing DOCX: uploads\20-18_2024-25_SR_THIRUPUVANAM.docx
2025-09-20 18:34:32,868 - INFO - Added bold: INSPECTION REPORT ON THE ACCOUNTS OF SUB REGISTRY, THIRUPPUVANAM FOR THE PERIOD 2019-20 TO 2023-24
2025-09-20 18:34:32,872 - INFO - Added paragraph: ...
2025-09-20 18:34:32,875 - INFO - Entering Part I context with text: 'Part I: Introduction'
2025-09-20 18:34:32,876 - INFO - Added bold: Part I: Introduction
2025-09-20 18:34:32,887 - INFO - Added paragraph: Sub Registry, Thirupuvanam is ...
2025-09-20 18:34:32,891 - INFO - Added paragraph: ...
2025-09-20 18:34:32,908 - INFO - Added paragraph: ...
2025-09-20 18:34:32,910 - INFO - Added paragraph: ...
2025-09-20 18:34:32,920 - INFO - Added paragraph: The following activities were ...
2025-09-20 18:34:32,928 - INFO - Entering Part I context with text: 'Registration of documents (Conveyance, Agreement, Cancellation, DOTD, Exchange of property, Further charge, Mortgage, Partition, Rectification, Lease, Ratification, Release, Security bond, & Settlement, etc)'
2025-09-20 18:34:32,935 - INFO - Added paragraph: Registration of documents (Con...
2025-09-20 18:34:32,948 - INFO - Added paragraph: Registration of marriage (Hind...
2025-09-20 18:34:32,956 - INFO - Added paragraph: Issue of Encumbrance certifica...
2025-09-20 18:34:32,963 - INFO - Added paragraph: Issue of copies of documents a...
2025-09-20 18:34:32,975 - INFO - Added paragraph: Fixation of value of land in s...
2025-09-20 18:34:32,988 - INFO - Pattern matched: 'FINANCIAL\s+PERFORMANCE' in text: 'The financial performance of this office during the audit period from 01.04.2019 to 31.03.2024 is detailed below:'
2025-09-20 18:34:32,995 - INFO - Added bold (pattern matched in Part I): The financial performance of this office during the audit period from 01.04.2019 to 31.03.2024 is detailed below:
2025-09-20 18:34:32,996 - INFO - Processing table block.
2025-09-20 18:34:32,996 - INFO - Processing table at parent: document
2025-09-20 18:34:33,000 - INFO - Table has 6 rows and 5 columns
2025-09-20 18:34:33,012 - INFO - Added paragraph: ...
2025-09-20 18:34:33,013 - INFO - Added paragraph: ...
2025-09-20 18:34:33,015 - INFO - Added paragraph: ...
2025-09-20 18:34:33,018 - INFO - Pattern matched: 'Audit\s+objectives' in text: 'Audit Objectives'
2025-09-20 18:34:33,021 - INFO - Added bold (pattern matched in Part I): Audit Objectives
2025-09-20 18:34:33,023 - INFO - Added paragraph: ...
2025-09-20 18:34:33,027 - INFO - Added paragraph: The objectives of this audit w...
2025-09-20 18:34:33,039 - INFO - Added paragraph: Stamp duty and various fees we...
2025-09-20 18:34:33,046 - INFO - Added paragraph: The amount collected were prop...
2025-09-20 18:34:33,058 - INFO - Added paragraph: Internal control system and In...
2025-09-20 18:34:33,061 - INFO - Added paragraph: ...
2025-09-20 18:34:33,062 - INFO - Pattern matched: 'Audit\s+criteria' in text: 'Audit Criteria'
2025-09-20 18:34:33,063 - INFO - Added bold (pattern matched in Part I): Audit Criteria
2025-09-20 18:34:33,066 - INFO - Added paragraph: ...
2025-09-20 18:34:33,072 - INFO - Pattern matched: 'Audit\s+criteria' in text: 'Audit criteria were adopted from the following sources: Indian Stamp Act, 1899'
2025-09-20 18:34:33,075 - INFO - Added bold (pattern matched in Part I): Audit criteria were adopted from the following sources: Indian Stamp Act, 1899
2025-09-20 18:34:33,078 - INFO - Added paragraph: Registration Act, 1908...
2025-09-20 18:34:33,082 - INFO - Added paragraph: Prescribed Monitoring Mechanis...
2025-09-20 18:34:33,089 - INFO - Added bold: Scope and Methodology of Audit
2025-09-20 18:34:33,091 - INFO - Added paragraph: ...
2025-09-20 18:34:33,106 - INFO - Added paragraph: The audit of Sub Registry, Thi...
2025-09-20 18:34:33,108 - INFO - Added paragraph: ...
2025-09-20 18:34:33,108 - INFO - Processing table block.
2025-09-20 18:34:33,109 - INFO - Processing table at parent: document
2025-09-20 18:34:33,110 - INFO - Table has 5 rows and 2 columns
2025-09-20 18:34:33,118 - INFO - Added paragraph: ...
2025-09-20 18:34:33,128 - INFO - Added paragraph: The details of documents regis...
2025-09-20 18:34:33,130 - INFO - Added paragraph: ...
2025-09-20 18:34:33,131 - INFO - Processing table block.
2025-09-20 18:34:33,131 - INFO - Processing table at parent: document
2025-09-20 18:34:33,141 - INFO - Table has 7 rows and 10 columns
2025-09-20 18:34:33,278 - INFO - Added paragraph: ...
2025-09-20 18:34:33,279 - INFO - Added paragraph: ...
2025-09-20 18:34:33,294 - INFO - Added paragraph: Under Book I, 600 documents we...
2025-09-20 18:34:33,295 - INFO - Added paragraph: ...
2025-09-20 18:34:33,297 - INFO - Added paragraph: ...
2025-09-20 18:34:33,300 - INFO - Added paragraph: ...
2025-09-20 18:34:33,307 - INFO - Added paragraph: ...
2025-09-20 18:34:33,310 - INFO - Entering Part I context with text: 'Part II – Audit findings'
2025-09-20 18:34:33,313 - INFO - Added bold: Part II – Audit findings
2025-09-20 18:34:33,314 - INFO - Added paragraph: ...
2025-09-20 18:34:33,327 - INFO - Added paragraph: The following is the summary o...
2025-09-20 18:34:33,328 - INFO - Added paragraph: ...
2025-09-20 18:34:33,329 - INFO - Processing table block.
2025-09-20 18:34:33,329 - INFO - Processing table at parent: document
2025-09-20 18:34:33,330 - INFO - Table has 6 rows and 4 columns
2025-09-20 18:34:33,361 - INFO - Added paragraph: ...
2025-09-20 18:34:33,362 - INFO - Added paragraph: ...
2025-09-20 18:34:33,371 - INFO - Entering Part I context with text: 'Part III – Follow up on findings of outstanding paras from previous report'
2025-09-20 18:34:33,375 - INFO - Added bold: Part III – Follow up on findings of outstanding paras from previous report
2025-09-20 18:34:33,386 - INFO - Added paragraph: There was 1 paras pending from...
2025-09-20 18:34:33,392 - INFO - Added paragraph: ...
2025-09-20 18:34:33,393 - INFO - Processing table block.
2025-09-20 18:34:33,393 - INFO - Processing table at parent: document
2025-09-20 18:34:33,394 - INFO - Table has 2 rows and 5 columns
2025-09-20 18:34:33,402 - INFO - Added paragraph: ...
2025-09-20 18:34:33,406 - INFO - Added paragraph: ...
2025-09-20 18:34:33,410 - INFO - Added bold: PART-IV (Best Practice)
2025-09-20 18:34:33,412 - INFO - Added paragraph: ...
2025-09-20 18:34:33,425 - INFO - Added paragraph: The department is cooperative ...
2025-09-20 18:34:33,427 - INFO - Added paragraph: ...
2025-09-20 18:34:33,428 - INFO - Added heading: PART-V (Acknowledgement)
2025-09-20 18:34:33,429 - INFO - Added paragraph: ...
2025-09-20 18:34:33,456 - INFO - Added paragraph: The audit acknowledges the co-...
2025-09-20 18:34:33,458 - INFO - Added paragraph: ...
2025-09-20 18:34:33,459 - INFO - Processing table block.
2025-09-20 18:34:33,459 - INFO - Processing table at parent: document
2025-09-20 18:34:33,485 - INFO - Table has 53 rows and 6 columns
2025-09-20 18:34:33,488 - WARNING - IndexError: Row 0, Col 5 out of range.
2025-09-20 18:34:33,493 - WARNING - IndexError: Row 1, Col 5 out of range.
2025-09-20 18:34:33,496 - WARNING - IndexError: Row 2, Col 5 out of range.
2025-09-20 18:34:33,501 - WARNING - IndexError: Row 3, Col 5 out of range.
2025-09-20 18:34:33,506 - WARNING - IndexError: Row 4, Col 5 out of range.
2025-09-20 18:34:33,509 - WARNING - IndexError: Row 5, Col 5 out of range.
2025-09-20 18:34:33,511 - WARNING - IndexError: Row 6, Col 5 out of range.
2025-09-20 18:34:33,514 - WARNING - IndexError: Row 7, Col 5 out of range.
2025-09-20 18:34:33,521 - WARNING - IndexError: Row 8, Col 5 out of range.
2025-09-20 18:34:33,525 - WARNING - IndexError: Row 9, Col 5 out of range.
2025-09-20 18:34:33,526 - WARNING - IndexError: Row 10, Col 5 out of range.
2025-09-20 18:34:33,528 - WARNING - IndexError: Row 11, Col 5 out of range.
2025-09-20 18:34:33,530 - WARNING - IndexError: Row 12, Col 5 out of range.
2025-09-20 18:34:33,627 - INFO - Added paragraph: ...
2025-09-20 18:34:33,628 - INFO - Added paragraph: ...
2025-09-20 18:34:33,629 - INFO - Added paragraph: ...
2025-09-20 18:34:33,631 - INFO - Added heading: OBS No-1350387
2025-09-20 18:34:33,635 - INFO - Added bold: Para 1/IIB
2025-09-20 18:34:33,637 - INFO - Added bold: Misclassification of instruments of re-conveyance as cancellation deeds - Rs.55,190/- 
2025-09-20 18:34:33,655 - INFO - Added paragraph: As per Article 17 of Schedule-...
2025-09-20 18:34:33,660 - INFO - Added paragraph: During local audit of Sub Regi...
2025-09-20 18:34:33,678 - INFO - Added paragraph: Since the vendors had re-acqui...
2025-09-20 18:34:33,688 - INFO - Added paragraph: On this being pointed out, the...
2025-09-20 18:34:33,689 - INFO - Processing table block.
2025-09-20 18:34:33,689 - INFO - Processing table at parent: document
2025-09-20 18:34:33,691 - INFO - Table has 4 rows and 9 columns
2025-09-20 18:34:33,708 - INFO - Added paragraph: ...
2025-09-20 18:34:33,710 - INFO - Added paragraph: Department’s reply:...
2025-09-20 18:34:33,712 - INFO - Added paragraph: On this being pointed out the ...
2025-09-20 18:34:33,713 - INFO - Added paragraph: ...
2025-09-20 18:34:33,716 - INFO - Added paragraph: Conclusion: ...
2025-09-20 18:34:33,725 - INFO - Added paragraph: Misclassification of re-convey...
2025-09-20 18:34:33,726 - INFO - Added paragraph: Recommendation: ...
2025-09-20 18:34:33,735 - INFO - Added paragraph: Registering authority should c...
2025-09-20 18:34:33,739 - INFO - Added paragraph: ...
2025-09-20 18:34:33,741 - INFO - Added heading: OBS No-1348768
2025-09-20 18:34:33,742 - INFO - Added heading: Para 2/IIB
2025-09-20 18:34:33,744 - INFO - Added bold: Incorrect adoption of gravel value resulting in short collection of seigniorage fee leading to short collection of Stamp Duty Rs.3,833/-
2025-09-20 18:34:33,745 - INFO - Added paragraph: ...
2025-09-20 18:34:33,756 - INFO - Added paragraph: Through the lease deeds as per...
2025-09-20 18:34:33,767 - INFO - Added paragraph: On a detailed scrutiny of the ...
2025-09-20 18:34:33,795 - INFO - Added paragraph: 	Further, the Government vide ...
2025-09-20 18:34:33,806 - INFO - Added paragraph: Accordingly, the SD at 1 % nee...
2025-09-20 18:34:33,811 - INFO - Added paragraph: The short collection of SD of ...
2025-09-20 18:34:33,812 - INFO - Added paragraph: ...
2025-09-20 18:34:33,813 - INFO - Added paragraph: Annexure...
2025-09-20 18:34:33,813 - INFO - Processing table block.
2025-09-20 18:34:33,814 - INFO - Processing table at parent: document
2025-09-20 18:34:33,823 - INFO - Table has 8 rows and 6 columns
2025-09-20 18:34:33,854 - INFO - Added paragraph: ...
2025-09-20 18:34:33,861 - INFO - Added paragraph: This is brought to the notice ...
2025-09-20 18:34:33,863 - INFO - Added bold: Reply of the Department: 
2025-09-20 18:34:33,873 - INFO - Added paragraph: On this being pointed out, the...
2025-09-20 18:34:33,874 - INFO - Added paragraph: ...
2025-09-20 18:34:33,876 - INFO - Added paragraph: Conclusion: ...
2025-09-20 18:34:33,885 - INFO - Added paragraph: Non-inclusion of correct value...
2025-09-20 18:34:33,889 - INFO - Added paragraph: Recommendations: ...
2025-09-20 18:34:33,896 - INFO - Added paragraph: Registering authority should v...
2025-09-20 18:34:33,897 - INFO - Added paragraph: ...
2025-09-20 18:34:33,900 - INFO - Added heading: OBS No-1348685
2025-09-20 18:34:33,906 - INFO - Added heading: Para 3/IIB
2025-09-20 18:34:33,908 - INFO - Added bold: Non reference to the AEE for the valuation of the building resulting in short collection of SD and RF- NMV
2025-09-20 18:34:33,908 - INFO - Added paragraph: ...
2025-09-20 18:34:33,909 - INFO - Processing table block.
2025-09-20 18:34:33,909 - INFO - Processing table at parent: document
2025-09-20 18:34:33,910 - INFO - Table has 7 rows and 3 columns
2025-09-20 18:34:33,916 - INFO - Added paragraph: ...
2025-09-20 18:34:33,927 - INFO - Added paragraph: Through the above documents la...
2025-09-20 18:34:33,930 - INFO - Added paragraph: In this connection audit has o...
2025-09-20 18:34:33,950 - INFO - Added paragraph: Scrutiny of document number 16...
2025-09-20 18:34:33,969 - INFO - Added paragraph: Further scrutiny of the Previo...
2025-09-20 18:34:33,971 - INFO - Added paragraph: ...
2025-09-20 18:34:33,972 - INFO - Processing table block.
2025-09-20 18:34:33,973 - INFO - Processing table at parent: document
2025-09-20 18:34:33,974 - INFO - Table has 4 rows and 2 columns
2025-09-20 18:34:34,000 - INFO - Added paragraph: This is brought to the notice ...
2025-09-20 18:34:34,002 - INFO - Added paragraph: ...
2025-09-20 18:34:34,006 - INFO - Added bold: Department’s Reply: 
2025-09-20 18:34:34,009 - INFO - Added paragraph: On this being pointed out the ...
2025-09-20 18:34:34,011 - INFO - Added paragraph: Conclusion: ...
2025-09-20 18:34:34,020 - INFO - Added paragraph: Non referring of the document ...
2025-09-20 18:34:34,023 - INFO - Added paragraph: Recommendation: ...
2025-09-20 18:34:34,028 - INFO - Added paragraph: The registering authority shou...
2025-09-20 18:34:34,029 - INFO - Added paragraph: ...
2025-09-20 18:34:34,032 - INFO - Added heading: OBS No-1348765
2025-09-20 18:34:34,034 - INFO - Added heading: Para 4/IIB
2025-09-20 18:34:34,037 - INFO - Added bold: Non-Adherence of the Provisions of Section 269ST of Finance Act 2017 - NMV 
2025-09-20 18:34:34,039 - INFO - Added paragraph: ...
2025-09-20 18:34:34,040 - INFO - Processing table block.
2025-09-20 18:34:34,041 - INFO - Processing table at parent: document
2025-09-20 18:34:34,042 - INFO - Table has 5 rows and 3 columns
2025-09-20 18:34:34,046 - INFO - Added paragraph: ...
2025-09-20 18:34:34,058 - INFO - Added paragraph: As per New Section 269ST of Fi...
2025-09-20 18:34:34,062 - INFO - Added paragraph: Provided that the provisions o...
2025-09-20 18:34:34,078 - INFO - Added paragraph: (i) any receipt by (a) Governm...
2025-09-20 18:34:34,079 - INFO - Added paragraph: ...
2025-09-20 18:34:34,082 - INFO - Added paragraph: (c) The Government introduced ...
2025-09-20 18:34:34,093 - INFO - Added paragraph: During the scrutiny of the fol...
2025-09-20 18:34:34,093 - INFO - Added paragraph: ...
2025-09-20 18:34:34,095 - INFO - Added paragraph: (i) Sale Deed number 1300/2019...
2025-09-20 18:34:34,095 - INFO - Added paragraph: ...
2025-09-20 18:34:34,096 - INFO - Added paragraph: (ii). Sale Deed number 29/2024...
2025-09-20 18:34:34,100 - INFO - Added paragraph: Reply of the Department: ...
2025-09-20 18:34:34,109 - INFO - Added paragraph: On this being pointed out, the...
2025-09-20 18:34:34,109 - INFO - Added paragraph: ...
2025-09-20 18:34:34,111 - INFO - Added paragraph: Conclusion:...
2025-09-20 18:34:34,114 - INFO - Added paragraph:  Non-compliance with the Finan...
2025-09-20 18:34:34,116 - INFO - Added paragraph: ...
2025-09-20 18:34:34,118 - INFO - Added paragraph: Recommendations: ...
2025-09-20 18:34:34,123 - INFO - Added paragraph: The Sub Registrar need to revi...
2025-09-20 18:34:34,124 - INFO - Added paragraph: ...
2025-09-20 18:34:34,126 - INFO - Added heading: OBS No-1350944
2025-09-20 18:34:34,126 - INFO - Added bold: Para 5/IIB
2025-09-20 18:34:34,128 - INFO - Added bold: The time limit for finalisation u/s 47A(3) lapsed resulting in loss of revenue -NMV
2025-09-20 18:34:34,143 - INFO - Added paragraph: As per provision u/s 47A(3) of...
2025-09-20 18:34:34,160 - INFO - Added paragraph: It is seen from the pending do...
2025-09-20 18:34:34,161 - INFO - Added paragraph: ...
2025-09-20 18:34:34,162 - INFO - Added paragraph: Annexure...
2025-09-20 18:34:34,163 - INFO - Processing table block.
2025-09-20 18:34:34,163 - INFO - Processing table at parent: document
2025-09-20 18:34:34,164 - INFO - Table has 6 rows and 3 columns
2025-09-20 18:34:34,172 - INFO - Added paragraph: ...
2025-09-20 18:34:34,173 - INFO - Added bold: Department’s Reply: 
2025-09-20 18:34:34,175 - INFO - Added paragraph: On this being pointed out, the...
2025-09-20 18:34:34,176 - INFO - Added paragraph: Conclusion: ...
2025-09-20 18:34:34,182 - INFO - Added paragraph: Suitable followup action could...
2025-09-20 18:34:34,185 - INFO - Added paragraph: Recommendations: ...
2025-09-20 18:34:34,193 - INFO - Added paragraph: Follow up action may be taken ...
2025-09-20 18:34:34,194 - INFO - Added paragraph: ...
2025-09-20 18:34:34,195 - INFO - Added bold: Senior Audit Officer/AMS25
2025-09-20 18:34:34,196 - INFO - Entering Part I context with text: 'Part II – Audit findings'
2025-09-20 18:34:34,199 - INFO - Added bold: Part II – Audit findings
2025-09-20 18:34:34,200 - INFO - Added paragraph: ...
2025-09-20 18:34:34,210 - INFO - Added paragraph: The following is the summary o...
2025-09-20 18:34:34,211 - INFO - Added paragraph: ...
2025-09-20 18:34:34,212 - INFO - Processing table block.
2025-09-20 18:34:34,212 - INFO - Processing table at parent: document
2025-09-20 18:34:34,213 - INFO - Table has 6 rows and 5 columns
2025-09-20 18:34:34,226 - INFO - Added paragraph: ...
2025-09-20 18:34:34,227 - INFO - Added paragraph: ...
2025-09-20 18:34:34,231 - INFO - Successfully wrote XML to C:\Users\sures\AppData\Local\Temp\pipeline_xml__m3vsj_9\20-18_2024-25_SR_THIRUPUVANAM.xml
2025-09-20 19:26:30,725 - INFO - Processing DOCX: uploads\Alandur_IR_Final.docx
2025-09-20 19:26:30,932 - INFO - Added paragraph: ...
2025-09-20 19:26:30,940 - INFO - Added bold: OFFICE OF THE PRL.ACCOUNTANT GENERAL (Audit –I) TAMILNADU
2025-09-20 19:26:30,942 - INFO - Added bold: LEKHA PARIKSHA BHAVAN, 361, ANNASALAI, TEYNAMPET, CHENNAI- 600 018.
2025-09-20 19:26:30,946 - INFO - Added paragraph: ...
2025-09-20 19:26:30,947 - INFO - Added paragraph: ...
2025-09-20 19:26:30,959 - INFO - Added bold: No. PAG (Audit-I)/AMG-II/GST P.III/SSCA-WCS/23-24/___                     Dated: 
2025-09-20 19:26:30,961 - INFO - Added paragraph: ...
2025-09-20 19:26:30,964 - INFO - Added paragraph: To...
2025-09-20 19:26:30,965 - INFO - Added paragraph: The Joint Commissioner (ST),...
2025-09-20 19:26:30,967 - INFO - Added paragraph: Chennai South Division,...
2025-09-20 19:26:30,971 - INFO - Added paragraph: Commercial Taxes Department,...
2025-09-20 19:26:30,973 - INFO - Added paragraph: Chennai....
2025-09-20 19:26:30,976 - INFO - Added paragraph: (By E-mail jcct.chnsouth@ctd.t...
2025-09-20 19:26:30,978 - INFO - Added paragraph: ...
2025-09-20 19:26:30,979 - INFO - Added paragraph: Sir/Madam,...
2025-09-20 19:26:30,980 - INFO - Added paragraph: ...
2025-09-20 19:26:30,981 - INFO - Added paragraph: Subject Specific Compliance Au...
2025-09-20 19:26:30,990 - INFO - Added paragraph: In this connection, I am to fo...
2025-09-20 19:26:30,993 - INFO - Added paragraph: A copy of this Inspection Repo...
2025-09-20 19:26:30,994 - INFO - Added paragraph: 	The receipt of the report may...
2025-09-20 19:26:30,995 - INFO - Added paragraph: ...
2025-09-20 19:26:30,997 - INFO - Added paragraph:          Yours faithfully,...
2025-09-20 19:26:30,998 - INFO - Added paragraph: ...
2025-09-20 19:26:30,998 - INFO - Added paragraph: ...
2025-09-20 19:26:31,001 - INFO - Added paragraph: ...
2025-09-20 19:26:31,007 - INFO - Added paragraph: Encl: Inspection Report			    ...
2025-09-20 19:26:31,008 - INFO - Added paragraph: ...
2025-09-20 19:26:31,011 - INFO - Added paragraph: ...
2025-09-20 19:26:31,012 - INFO - Added paragraph: ...
2025-09-20 19:26:31,018 - INFO - Added bold: No. PAG (Audit-I)/AMG-II/GST P.III/SSCA-WCS/23-24/___                     Dated: 
2025-09-20 19:26:31,021 - INFO - Added paragraph: ...
2025-09-20 19:26:31,025 - INFO - Added bold: Copy forwarded to the Deputy Commissioner (ST), Chennai South-III Zone, Commercial Taxes Department, Chennai for information and necessary action.
2025-09-20 19:26:31,031 - INFO - Added paragraph: (By E-Mail- dcct.chnsouth3@ctd...
2025-09-20 19:26:31,032 - INFO - Added paragraph: ...
2025-09-20 19:26:31,034 - INFO - Added paragraph: ...
2025-09-20 19:26:31,038 - INFO - Added paragraph: Encl: Inspection Report...
2025-09-20 19:26:31,040 - INFO - Added paragraph: ...
2025-09-20 19:26:31,041 - INFO - Added paragraph: ...
2025-09-20 19:26:31,044 - INFO - Added paragraph:       for Sr. Deputy Accountan...
2025-09-20 19:26:31,045 - INFO - Added paragraph: ...
2025-09-20 19:26:31,047 - INFO - Added paragraph: ...
2025-09-20 19:26:31,048 - INFO - Added paragraph: ...
2025-09-20 19:26:31,061 - INFO - Added bold: No. PAG (Audit-I)/AMG-II/GST P.III/SSCA-WCS/23-24/___                     Dated: 
2025-09-20 19:26:31,064 - INFO - Added paragraph: ...
2025-09-20 19:26:31,067 - INFO - Added bold: Copy forwarded to the Assistant Commissioner (ST), Alandur Assessment Circle, Commercial Taxes Department, Chennai for information and necessary action.
2025-09-20 19:26:31,075 - INFO - Added paragraph: (By E-Mail- ac.alandur@ctd.tn....
2025-09-20 19:26:31,076 - INFO - Added paragraph: ...
2025-09-20 19:26:31,080 - INFO - Added paragraph: ...
2025-09-20 19:26:31,082 - INFO - Added paragraph: Encl: Inspection Report...
2025-09-20 19:26:31,084 - INFO - Added paragraph: ...
2025-09-20 19:26:31,086 - INFO - Added paragraph: ...
2025-09-20 19:26:31,092 - INFO - Added paragraph: 	     for Sr. Deputy Accountan...
2025-09-20 19:26:31,096 - INFO - Added paragraph: ...
2025-09-20 19:26:31,098 - INFO - Added paragraph: ...
2025-09-20 19:26:31,102 - INFO - Added bold: Inspection Report on the audit of Office of the Assistant Commissioner (ST), Alandur
2025-09-20 19:26:31,108 - INFO - Added bold: (Subject Specific Compliance Audit on “Works Contract Services under GST”)
2025-09-20 19:26:31,113 - INFO - Added bold: Period 2018-19 to 2020-21
2025-09-20 19:26:31,116 - INFO - Added bold: PART-I- (Introduction)
2025-09-20 19:26:31,121 - INFO - Added paragraph: The audit of office of the Ass...
2025-09-20 19:26:31,124 - INFO - Added paragraph: ...
2025-09-20 19:26:31,125 - INFO - Processing table block.
2025-09-20 19:26:31,126 - INFO - Processing table at parent: document
2025-09-20 19:26:31,132 - INFO - Table has 5 rows and 4 columns
2025-09-20 19:26:31,147 - INFO - Added paragraph: ...
2025-09-20 19:26:31,150 - INFO - Added paragraph: The audit was supervised by th...
2025-09-20 19:26:31,158 - INFO - Added paragraph: ...
2025-09-20 19:26:31,162 - INFO - Processing table block.
2025-09-20 19:26:31,173 - INFO - Processing table at parent: document
2025-09-20 19:26:31,183 - INFO - Table has 2 rows and 4 columns
2025-09-20 19:26:31,190 - INFO - Added paragraph: ...
2025-09-20 19:26:31,194 - INFO - Added paragraph: Subject Specific Compliance Au...
2025-09-20 19:26:31,200 - INFO - Added paragraph:  ...
2025-09-20 19:26:31,205 - INFO - Pattern matched: 'Audit\s+objectives' in text: '1.2 Audit objectives'
2025-09-20 19:26:31,209 - INFO - Added bold (pattern matched): 1.2 Audit objectives  
2025-09-20 19:26:31,227 - INFO - Added paragraph: ...
2025-09-20 19:26:31,242 - INFO - Pattern matched: 'AUDIT\s+OBJECTIVE' in text: 'This audit is oriented towards providing assurance on the adequacy and effectiveness of systems and procedures of the Department. The audit pursued the following broad audit objective:'
2025-09-20 19:26:31,260 - INFO - Added bold (pattern matched): This audit is oriented towards providing assurance on the adequacy and effectiveness of systems and procedures of the Department. The audit pursued the following broad audit objective:
2025-09-20 19:26:31,333 - INFO - Added paragraph: ...
2025-09-20 19:26:31,395 - INFO - Added paragraph: “Whether the rules and procedu...
2025-09-20 19:26:31,399 - INFO - Added paragraph: ...
2025-09-20 19:26:31,407 - INFO - Added paragraph: ...
2025-09-20 19:26:31,411 - INFO - Added paragraph: ...
2025-09-20 19:26:31,414 - INFO - Added paragraph: ...
2025-09-20 19:26:31,416 - INFO - Added paragraph: ...
2025-09-20 19:26:31,420 - INFO - Added paragraph: ...
2025-09-20 19:26:31,423 - INFO - Added paragraph: ...
2025-09-20 19:26:31,425 - INFO - Added paragraph: ...
2025-09-20 19:26:31,427 - INFO - Added paragraph: ...
2025-09-20 19:26:31,431 - INFO - Pattern matched: 'Audit\s+criteria' in text: '1.3 Audit Criteria'
2025-09-20 19:26:31,433 - INFO - Added bold (pattern matched): 1.3 Audit Criteria
2025-09-20 19:26:31,437 - INFO - Added paragraph: ...
2025-09-20 19:26:31,439 - INFO - Pattern matched: 'Audit\s+objectives' in text: 'The source of criteria against which the audit objectives were verified comprises the provisions contained in the'
2025-09-20 19:26:31,439 - INFO - Added bold (pattern matched): The source of criteria against which the audit objectives were verified comprises the provisions contained in the 
2025-09-20 19:26:31,441 - INFO - Added paragraph: ...
2025-09-20 19:26:31,453 - INFO - Added paragraph: Central Goods and Services Tax...
2025-09-20 19:26:31,460 - INFO - Added paragraph: State Goods and Services Tax A...
2025-09-20 19:26:31,472 - INFO - Added paragraph: Integrated Goods and Services ...
2025-09-20 19:26:31,480 - INFO - Added paragraph: Notifications, Orders,  Circul...
2025-09-20 19:26:31,483 - INFO - Added paragraph: ...
2025-09-20 19:26:31,489 - INFO - Added bold: 1.4 Audit methodology and scope
2025-09-20 19:26:31,491 - INFO - Added paragraph: ...
2025-09-20 19:26:31,494 - INFO - Added paragraph: The SSCA comprises of examinat...
2025-09-20 19:26:31,496 - INFO - Added paragraph: ...
2025-09-20 19:26:31,500 - INFO - Added paragraph: The audit methodology involved...
2025-09-20 19:26:31,503 - INFO - Added paragraph: ...
2025-09-20 19:26:31,509 - INFO - Added paragraph: The audit covered the period f...
2025-09-20 19:26:31,515 - INFO - Added paragraph: ...
2025-09-20 19:26:31,515 - INFO - Processing table block.
2025-09-20 19:26:31,516 - INFO - Processing table at parent: document
2025-09-20 19:26:31,520 - INFO - Table has 2 rows and 3 columns
2025-09-20 19:26:31,530 - INFO - Processing nested table in cell at row 1, col 1
2025-09-20 19:26:31,531 - INFO - Processing table at parent: cell
2025-09-20 19:26:31,535 - INFO - Table has 1 rows and 1 columns
2025-09-20 19:26:31,539 - INFO - Processing nested table in cell at row 1, col 2
2025-09-20 19:26:31,539 - INFO - Processing table at parent: cell
2025-09-20 19:26:31,542 - INFO - Table has 1 rows and 1 columns
2025-09-20 19:26:31,547 - INFO - Added paragraph: ...
2025-09-20 19:26:31,551 - INFO - Added paragraph: ...
2025-09-20 19:26:31,555 - INFO - Added paragraph: ...
2025-09-20 19:26:31,557 - INFO - Added paragraph: ...
2025-09-20 19:26:31,558 - INFO - Added paragraph: ...
2025-09-20 19:26:31,562 - INFO - Added paragraph: ...
2025-09-20 19:26:31,566 - INFO - Added paragraph: ...
2025-09-20 19:26:31,570 - INFO - Added paragraph: ...
2025-09-20 19:26:31,573 - INFO - Added paragraph: ...
2025-09-20 19:26:31,577 - INFO - Added paragraph: ...
2025-09-20 19:26:31,581 - INFO - Added paragraph: ...
2025-09-20 19:26:31,587 - INFO - Added paragraph: ...
2025-09-20 19:26:31,590 - INFO - Added paragraph: ...
2025-09-20 19:26:31,596 - INFO - Added bold: PART-II
2025-09-20 19:26:31,600 - INFO - Added bold: (Audit Findings)
2025-09-20 19:26:31,606 - INFO - Added paragraph: ...
2025-09-20 19:26:31,613 - INFO - Added bold: PART-II
2025-09-20 19:26:31,616 - INFO - Added bold: Summary of Audit Observations included in report
2025-09-20 19:26:31,620 - INFO - Added paragraph: ...
2025-09-20 19:26:31,623 - INFO - Processing table block.
2025-09-20 19:26:31,624 - INFO - Processing table at parent: document
2025-09-20 19:26:31,629 - INFO - Table has 7 rows and 4 columns
2025-09-20 19:26:31,687 - INFO - Added paragraph: ...
2025-09-20 19:26:31,688 - INFO - Added paragraph: ...
2025-09-20 19:26:31,691 - INFO - Added paragraph: ...
2025-09-20 19:26:31,695 - INFO - Added paragraph: ...
2025-09-20 19:26:31,699 - INFO - Added bold: PART-II-(A)
2025-09-20 19:26:31,703 - INFO - Added bold: (Significant Audit Findings)
2025-09-20 19:26:31,706 - INFO - Added paragraph: ...
2025-09-20 19:26:31,712 - INFO - Added bold: Reference Number: OBS-1191413
2025-09-20 19:26:31,715 - INFO - Added bold: Subject: Mis-classification of Other installation service as Works contract resulted in short discharge of tax.
2025-09-20 19:26:31,717 - INFO - Processing table block.
2025-09-20 19:26:31,723 - INFO - Processing table at parent: document
2025-09-20 19:26:31,726 - INFO - Table has 2 rows and 2 columns
2025-09-20 19:26:31,736 - INFO - Added paragraph:  ...
2025-09-20 19:26:31,747 - INFO - Added paragraph: As per Section 61 of the CGST ...
2025-09-20 19:26:31,770 - INFO - Added paragraph: As per Section 2(119) of CGST/...
2025-09-20 19:26:31,777 - INFO - Added paragraph: As per Sl.No 3 of Notification...
2025-09-20 19:26:31,785 - INFO - Added paragraph: On a scrutiny of records produ...
2025-09-20 19:26:31,790 - INFO - Processing table block.
2025-09-20 19:26:31,792 - INFO - Processing table at parent: document
2025-09-20 19:26:31,871 - INFO - Table has 51 rows and 13 columns
2025-09-20 19:26:32,771 - INFO - Added paragraph:  ...
2025-09-20 19:26:32,774 - INFO - Added paragraph: The short payment of tax along...
2025-09-20 19:26:32,778 - INFO - Added bold:   First reply awaited from the Department.
2025-09-20 19:26:32,781 - INFO - Added bold: Reference Number: OBS-965804
2025-09-20 19:26:32,786 - INFO - Added bold: Subject: Excess availing of ITC
2025-09-20 19:26:32,788 - INFO - Processing table block.
2025-09-20 19:26:32,789 - INFO - Processing table at parent: document
2025-09-20 19:26:32,790 - INFO - Table has 2 rows and 2 columns
2025-09-20 19:26:32,793 - INFO - Added paragraph:  ...
2025-09-20 19:26:32,800 - INFO - Added paragraph: As per Section 61 of the CGST ...
2025-09-20 19:26:32,810 - INFO - Added paragraph: As per Rule 36(4) of CGST and ...
2025-09-20 19:26:32,817 - INFO - Added paragraph: In order to analyse the veraci...
2025-09-20 19:26:32,830 - INFO - Added paragraph: ...
2025-09-20 19:26:32,848 - INFO - Added paragraph: ...
2025-09-20 19:26:32,855 - INFO - Processing table block.
2025-09-20 19:26:32,858 - INFO - Processing table at parent: document
2025-09-20 19:26:32,942 - INFO - Table has 9 rows and 5 columns
2025-09-20 19:26:33,117 - INFO - Added paragraph: ...
2025-09-20 19:26:33,144 - INFO - Added paragraph: *While calculating ITC availed...
2025-09-20 19:26:33,167 - INFO - Added paragraph: The excess claim of ITC of Rs....
2025-09-20 19:26:33,203 - INFO - Added bold:    First reply awaited from the Department.
2025-09-20 19:26:33,221 - INFO - Added bold: Reference Number: OBS-965893
2025-09-20 19:26:33,232 - INFO - Added bold: Subject: Undischarged tax liability
2025-09-20 19:26:33,246 - INFO - Processing table block.
2025-09-20 19:26:33,264 - INFO - Processing table at parent: document
2025-09-20 19:26:33,274 - INFO - Table has 2 rows and 2 columns
2025-09-20 19:26:33,283 - INFO - Added paragraph:            ...
2025-09-20 19:26:33,300 - INFO - Added paragraph: As per Section 61 of the CGST ...
2025-09-20 19:26:33,306 - INFO - Entering Part I context with text: 'As per Section 37 and 39 of the GST Act, read with the Rules 59(1) and 61(5) of the GST Rules, the registered person as prescribed under the said provisions of the Act, had to file the details of outward supply in Form GSTR 1 along with a return in Form 3B mentioning the details of inward and outward supplies of goods or services or both, input tax credit availed, tax payable, tax paid and such other particulars on the prescribed date.  Further as per Section 44 of the GST Act read with Rule 80 of the GST rules the registered persons as prescribed has to file an annual return if the turnover for a year has exceeded the prescribed limit.  '
2025-09-20 19:26:33,309 - INFO - Added paragraph: As per Section 37 and 39 of th...
2025-09-20 19:26:33,313 - INFO - Added paragraph: Audit had scrutinized various ...
2025-09-20 19:26:33,316 - INFO - Added paragraph:  Details of undischarged tax i...
2025-09-20 19:26:33,318 - INFO - Processing table block.
2025-09-20 19:26:33,320 - INFO - Processing table at parent: document
2025-09-20 19:26:33,327 - INFO - Table has 7 rows and 3 columns
2025-09-20 19:26:33,364 - INFO - Added paragraph: The undischarged tax liability...
2025-09-20 19:26:33,390 - INFO - Added bold:    First reply awaited from the Department.
2025-09-20 19:26:33,410 - INFO - Added bold: Reference Number: OBS-1230957
2025-09-20 19:26:33,433 - INFO - Added bold: Subject: List of records/documents not produced to audit
2025-09-20 19:26:33,441 - INFO - Added paragraph:  ...
2025-09-20 19:26:33,444 - INFO - Processing table block.
2025-09-20 19:26:33,447 - INFO - Processing table at parent: document
2025-09-20 19:26:33,450 - INFO - Table has 3 rows and 2 columns
2025-09-20 19:26:33,458 - INFO - Added paragraph:  ...
2025-09-20 19:26:33,466 - INFO - Added paragraph: The above taxpayer had not pro...
2025-09-20 19:26:33,474 - INFO - Processing table block.
2025-09-20 19:26:33,479 - INFO - Processing table at parent: document
2025-09-20 19:26:33,491 - INFO - Table has 20 rows and 2 columns
2025-09-20 19:26:33,541 - INFO - Added paragraph: ...
2025-09-20 19:26:33,543 - INFO - Added paragraph: ...
2025-09-20 19:26:33,546 - INFO - Added bold: PART-II-(B)
2025-09-20 19:26:33,549 - INFO - Added bold: (Other incidental Audit Findings)
2025-09-20 19:26:33,551 - INFO - Added paragraph: ...
2025-09-20 19:26:33,556 - INFO - Added bold: Reference Number: OBS-1228459
2025-09-20 19:26:33,559 - INFO - Added bold: Subject: Non Payment of Interest- voluntary Payments - Annaie
2025-09-20 19:26:33,560 - INFO - Processing table block.
2025-09-20 19:26:33,560 - INFO - Processing table at parent: document
2025-09-20 19:26:33,561 - INFO - Table has 2 rows and 2 columns
2025-09-20 19:26:33,563 - INFO - Added paragraph: ...
2025-09-20 19:26:33,570 - INFO - Added paragraph: As per Section 50 of the Act, ...
2025-09-20 19:26:33,572 - INFO - Added paragraph: On scrutiny of payments (Form ...
2025-09-20 19:26:33,575 - INFO - Added paragraph: The taxpayer had not paid inte...
2025-09-20 19:26:33,576 - INFO - Processing table block.
2025-09-20 19:26:33,576 - INFO - Processing table at parent: document
2025-09-20 19:26:33,578 - INFO - Table has 2 rows and 8 columns
2025-09-20 19:26:33,589 - INFO - Added paragraph:  ...
2025-09-20 19:26:33,593 - INFO - Added paragraph: The non-payment of interest is...
2025-09-20 19:26:33,596 - INFO - Added bold:   First reply awaited from the Department.
2025-09-20 19:26:33,597 - INFO - Added bold: Reference Number: OBS-1199880
2025-09-20 19:26:33,599 - INFO - Added bold: Subject: Non-Payment of tax under RCM for GTA services availed
2025-09-20 19:26:33,600 - INFO - Processing table block.
2025-09-20 19:26:33,602 - INFO - Processing table at parent: document
2025-09-20 19:26:33,605 - INFO - Table has 2 rows and 2 columns
2025-09-20 19:26:33,609 - INFO - Added paragraph:  ...
2025-09-20 19:26:33,612 - INFO - Added paragraph: As per the provisions of Rever...
2025-09-20 19:26:33,614 - INFO - Added paragraph: Notification No. 13/2017-Centr...
2025-09-20 19:26:33,617 - INFO - Added paragraph: Supply of Services by a goods ...
2025-09-20 19:26:33,622 - INFO - Added paragraph: As per Section 2(84) of cgst a...
2025-09-20 19:26:33,625 - INFO - Added paragraph: As per CBIC Schedule of GST Ra...
2025-09-20 19:26:33,628 - INFO - Added paragraph: On scrutiny of Profit and Loss...
2025-09-20 19:26:33,628 - INFO - Processing table block.
2025-09-20 19:26:33,629 - INFO - Processing table at parent: document
2025-09-20 19:26:33,632 - INFO - Table has 5 rows and 4 columns
2025-09-20 19:26:33,643 - INFO - Added paragraph: ...
2025-09-20 19:26:33,647 - INFO - Added paragraph: Hence, if the above is conside...
2025-09-20 19:26:33,648 - INFO - Added paragraph: ...
2025-09-20 19:26:33,652 - INFO - Added bold:   First reply awaited from the Department.
2025-09-20 19:26:33,657 - INFO - Added paragraph:  ...
2025-09-20 19:26:33,660 - INFO - Added bold: PART-III 
2025-09-20 19:26:33,663 - INFO - Added bold: (Follow up on findings outstanding of previous Inspection Reports)
2025-09-20 19:26:33,665 - INFO - Added paragraph: ...
2025-09-20 19:26:33,667 - INFO - Added bold: PART-IV (Best Practice)
2025-09-20 19:26:33,669 - INFO - Added paragraph: ...
2025-09-20 19:26:33,672 - INFO - Added paragraph: Nil...
2025-09-20 19:26:33,673 - INFO - Added paragraph: ...
2025-09-20 19:26:33,674 - INFO - Added bold: PART-V (Acknowledgement)
2025-09-20 19:26:33,677 - INFO - Pattern matched: 'Audit\s+objectives' in text: 'An Entry meeting for this SSCA was held on 13.06.2023 with Commercial Taxes Department during which Audit objectives, scope and other connected records required for the audit was briefly explained.  Department assured to extend full cooperation in respect of furnishing records to audit.'
2025-09-20 19:26:33,679 - INFO - Added bold (pattern matched in Part I): An Entry meeting for this SSCA was held on 13.06.2023 with Commercial Taxes Department during which Audit objectives, scope and other connected records required for the audit was briefly explained.  Department assured to extend full cooperation in respect of furnishing records to audit. 
2025-09-20 19:26:33,680 - INFO - Added paragraph: ...
2025-09-20 19:26:33,681 - INFO - Added paragraph: ...
2025-09-20 19:26:33,682 - INFO - Added paragraph: ...
2025-09-20 19:26:33,685 - INFO - Added bold: for Senior Deputy Accountant General / AMG-II
2025-09-20 19:26:33,690 - INFO - Successfully wrote XML to C:\Users\sures\AppData\Local\Temp\pipeline_xml_6msf2cwv\Alandur_IR_Final.xml
